         w __deregister_frame_info
         w __register_frame_info
         w userAppExit
         w userAppInit
00000000 b _TLS_MODULE_BASE_
00000000 00000802 B __ctru_dev_utf16_buf
00000000 A __sync_synchronize
00000000 a shift
00000000 a shift
00000804 00000401 B __ctru_dev_path_buf
00100000 A __start__
00100000 T _start
00100008 T __service_ptr
0010000c T __apt_appid
00100010 T __heap_size
00100014 T __linear_heap_size
00100018 T __system_arglist
0010001c T __system_runflags
00100020 t startup
00100058 t ClearMem
0010006c t ClrLoop
00100094 T _init
001000ac t .udivsi3_skip_div0_test
001000ac T __aeabi_uidiv
001000ac 000001ec T __udivsi3
00100298 00000020 T __aeabi_uidivmod
001002b8 T __aeabi_idiv
001002b8 00000220 T __divsi3
001002c0 t .divsi3_skip_div0_test
001004d8 00000020 T __aeabi_idivmod
001004f8 00000004 W __aeabi_idiv0
001004f8 00000004 W __aeabi_ldiv0
001004fc T __aeabi_drsub
00100504 000002b0 T __aeabi_dsub
00100504 000002b0 T __subdf3
00100508 000002ac T __adddf3
00100508 000002ac T __aeabi_dadd
001007b4 00000024 T __aeabi_ui2d
001007b4 00000024 T __floatunsidf
001007d8 00000028 T __aeabi_i2d
001007d8 00000028 T __floatsidf
00100800 00000048 T __aeabi_f2d
00100800 00000048 T __extendsfdf2
00100848 00000074 T __aeabi_ul2d
00100848 00000074 T __floatundidf
0010085c 00000060 T __aeabi_l2d
0010085c 00000060 T __floatdidf
001008bc T __aeabi_ldivmod
00100990 T __aeabi_uldivmod
001009e8 00000390 T strcmp
00100d70 t __do_global_dtors_aux
00100dc0 t frame_dummy
00100dec 000002b4 t updatePlane
001010a0 00000220 t initSingleEmber
001012c0 000001c4 t initSingleShoot
00101484 00000070 t saveSettings
001014f4 00000068 t saveRecords
0010155c 00000110 t spawnPlane.part.0
0010166c 0000039c t drawPlane.part.0
00101a08 0000121c t drawBottomScreen
00102c28 000028c8 T main
001054f0 00000044 t C2Di_FrameEndHook
00105534 00000368 T C2D_Init
0010589c 0000004c T C2D_Fini
001058e8 000000bc T C2D_Prepare
001059a4 00000048 T C2D_Flush
001059ec 000000fc T C2D_SceneSize
00105ae8 00000060 T C2D_CreateScreenTarget
00105b48 00000060 T C2D_TargetClear
00105ba8 00000054 T C2Di_AppendQuad
00105bfc 00000040 T C2Di_AppendVtx
00105c3c 00000738 T C2Di_Update
00106374 000001e0 T C2D_DrawLine
00106554 00000168 T C2D_DrawRectangle
001066bc 00000174 T C2D_DrawEllipse
00106830 00000018 t C2Di_GlyphComp
00106848 00000180 t C2Di_CalcLineWidths
001069c8 000001d0 T C2D_TextBufNew
00106b98 00000004 T C2D_TextBufDelete
00106b9c 0000000c T C2D_TextBufClear
00106ba8 000001c4 T C2D_TextFontParseLine
00106d6c 000000a4 T C2D_TextFontParse
00106e10 00000010 T C2D_TextParse
00106e20 00000030 T C2D_TextOptimize
00106e50 000000e8 T C2D_TextGetDimensions
00106f38 00000fdc T C2D_DrawText
00107f14 00000050 T C2D_FontGlyphIndexFromCodePoint
00107f64 00000074 T C2D_FontCalcGlyphPos
00107fd8 00000028 T AttrInfo_Init
00108000 00000094 T AttrInfo_AddLoader
00108094 00000054 T C3D_SetAttrInfo
001080e8 00000080 T C3Di_AttrInfoBind
00108168 00000004 W C3Di_LightEnvUpdate
0010816c 00000004 W C3Di_LightEnvDirty
00108170 000000b4 t C3Di_AptEventHook
00108224 00000004 W C3Di_GasUpdate
00108228 000001d0 T C3D_Init
001083f8 00000098 T C3D_SetViewport
00108490 000004e8 T C3Di_UpdateContext
00108978 000000e0 T C3Di_SplitFrame
00108a58 00000044 T C3D_Fini
00108a9c 00000194 T C3D_BindProgram
00108c30 00000024 T BufInfo_Init
00108c54 00000080 T BufInfo_Add
00108cd4 0000003c T C3D_SetBufInfo
00108d10 00000048 T C3Di_BufInfoBind
00108d58 0000021c T C3D_DrawElements
00108f74 00000040 T C3D_DepthMap
00108fb4 0000001c T C3D_CullFace
00108fd0 00000040 T C3D_StencilTest
00109010 00000024 T C3D_StencilOp
00109034 0000001c T C3D_BlendingColor
00109050 00000024 T C3D_EarlyDepthTest
00109074 0000002c T C3D_DepthTest
001090a0 0000002c T C3D_AlphaTest
001090cc 00000050 T C3D_AlphaBlend
0010911c 00000030 T C3D_FragOpMode
0010914c 00000044 T C3D_FragOpShadow
00109190 000001ac T C3Di_EffectBind
0010933c 0000001c T C3D_CalcColorBufSize
00109358 0000001c T C3D_CalcDepthBufSize
00109374 00000044 T C3D_SetFrameBuf
001093b8 0000016c T C3Di_FrameBufBind
00109524 000000c8 T C3D_FrameBufClear
001095ec 00000044 T C3D_FrameBufTransfer
00109630 000000a8 T C3D_ImmSendAttrib
001096d8 00000070 T C3D_ProcTexInit
00109748 00000054 T C3D_ProcTexBind
0010979c 0000005c T C3D_ProcTexLutBind
001097f8 000000a4 T ProcTexLut_FromArray
0010989c 00000178 T C3Di_ProcTexUpdate
00109a14 00000068 T C3Di_ProcTexDirty
00109a7c 0000004c t onVBlank0
00109ac8 0000004c t onVBlank1
00109b14 00000080 t C3Di_RenderTargetDestroy
00109b94 000000f4 t onQueueFinish
00109c88 00000038 T C3Di_RenderQueueEnableVBlank
00109cc0 00000030 T C3Di_RenderQueueDisableVBlank
00109cf0 00000060 T C3Di_RenderQueueInit
00109d50 000000b4 T C3Di_RenderQueueExit
00109e04 00000034 T C3Di_RenderQueueWaitDone
00109e38 000000e8 T C3D_FrameBegin
00109f20 00000048 T C3D_FrameDrawOn
00109f68 00000058 T C3D_FrameSplit
00109fc0 000001d0 T C3D_FrameEnd
0010a190 0000001c T C3D_FrameEndHook
0010a1ac 00000170 T C3D_RenderTargetCreate
0010a31c 000000a8 T C3D_RenderTargetSetOutput
0010a3c4 00000034 T C3D_GetTexEnv
0010a3f8 00000024 T C3Di_TexEnvBind
0010a41c 00000044 T C3D_TexBind
0010a460 0000014c T C3Di_SetTex
0010a5ac 00000290 T C3D_UpdateUniforms
0010a83c 000000c0 T C3Di_DirtyUniforms
0010a8fc 000000d8 T C3Di_LoadShaderUniforms
0010a9d4 00000028 T C3Di_ClearShaderUniforms
0010a9fc 000000cc T Mtx_Ortho
0010aac8 000000cc T Mtx_OrthoTilt
0010ab94 00000024 t addrMapNodeComparator(rbtree_node const*, rbtree_node const*)
0010abb8 00000004 t addrMapNodeDestructor(rbtree_node*)
0010abbc 0000012c T linearMemAlign
0010ace8 00000008 T linearAlloc
0010acf0 0000005c T linearFree
0010ad4c 00000088 T MemPool::CoalesceRight(MemBlock*)
0010add4 00000178 T MemPool::Allocate(MemChunk&, unsigned long, int)
0010af4c 00000118 T MemPool::Deallocate(MemChunk const&)
0010b064 00000030 T MemPool::GetFreeSpace()
0010b094 00000024 t addrMapNodeComparator(rbtree_node const*, rbtree_node const*)
0010b0b8 00000004 t addrMapNodeDestructor(rbtree_node*)
0010b0bc 00000248 T vramMemAlignAt
0010b304 0000000c T vramAlloc
0010b310 0000000c T vramAllocAt
0010b31c 00000094 T vramFree
0010b3b0 0000009c T fontEnsureMapped
0010b44c 00000100 T fontGlyphIndexFromCodePoint
0010b54c 00000214 T fontCalcGlyphPos
0010b760 000000cc t gfxPresentFramebuffer
0010b82c 0000001c T gfxIsWide
0010b848 000000f8 T gfxSetScreenFormat
0010b940 000000d8 T gfxInit
0010ba18 00000010 T gfxInitDefault
0010ba28 000000b8 T gfxExit
0010bae0 000000a0 T gfxGetFramebuffer
0010bb80 00000028 T gfxScreenSwapBuffers
0010bba8 00000074 T osConvertVirtToPhys
0010bc1c 00000054 T osGetTimeRef
0010bc70 000000ec T osGetTime
0010bd5c 00000034 T __ctru_speedup_config
0010bd90 0000013c T GPUCMD_Add
0010becc 000000b0 T GPUCMD_Split
0010bf7c 00000034 T f32tof16
0010bfb0 00000034 T f32tof24
0010bfe4 00000038 T f32tof31
0010c01c 00000010 T GX_BindQueue
0010c02c 0000007c T GX_ProcessCommandList
0010c0a8 00000074 T GX_MemoryFill
0010c11c 00000074 T GX_DisplayTransfer
0010c190 00000064 t gxCmdQueueDoCommands.part.0
0010c1f4 000000e4 T gxCmdQueueInterrupt
0010c2d8 00000068 T gxCmdQueueClear
0010c340 00000108 T gxCmdQueueAdd
0010c448 00000080 T gxCmdQueueRun
0010c4c8 00000064 T gxCmdQueueStop
0010c52c 000000ac T gxCmdQueueWait
0010c5d8 000001e0 T shaderInstanceInit
0010c7b8 00000018 T shaderInstanceGetUniformLocation
0010c7d0 0000001c T shaderProgramInit
0010c7ec 00000074 T shaderProgramFree
0010c860 00000094 T shaderProgramSetVsh
0010c8f4 000008d0 T shaderProgramConfigure
0010d1c4 000001dc t DVLE_GenerateOutmap.part.0
0010d3a0 000001ac T DVLB_ParseFile
0010d54c 00000050 T DVLB_Free
0010d59c 00000074 T DVLE_GetUniformRegister
0010d610 00000180 t aptConvertScreenForCapture
0010d790 00000008 W aptDspSleep
0010d798 00000004 W aptDspWakeup
0010d79c 00000004 W aptDspCancel
0010d7a0 00000138 T aptSendCommand
0010d8d8 00000044 t aptExitProcess
0010d91c 00000038 T aptShouldJumpToHome
0010d954 00000394 T aptExit
0010dce8 000000d8 T aptHandleSleep
0010ddc0 00000034 T aptHook
0010ddf4 00000030 T aptUnhook
0010de24 00000084 T APT_SleepIfShellClosed
0010dea8 00000078 T aptSetSleepAllowed
0010df20 00000084 T APT_UnlockTransition
0010dfa8 00000470 t aptEventHandler
0010e418 000000bc T APT_ReceiveParameter
0010e4d4 000000b0 t aptReceiveParameter.constprop.0
0010e588 00000294 t aptScreenTransfer
0010e81c 000002d0 t aptWaitForWakeUp.isra.0
0010eaec 000000f4 T aptJumpToHomeMenu
0010ebe0 00000058 T aptMainLoop
0010ec38 00000240 T aptInit
0010ee78 00000090 T APT_CheckNew3DS
0010ef08 00000048 T APT_GetSharedFont
0010ef50 00000104 T fsInit
0010f054 0000003c T fsExit
0010f090 00000068 T fsExemptFromSession
0010f0f8 00000050 T fsUnexemptFromSession
0010f148 000000cc T FSUSER_OpenFile
0010f214 000000b8 T FSUSER_DeleteFile
0010f2cc 000000f4 T FSUSER_RenameFile
0010f3c0 000000b8 T FSUSER_DeleteDirectory
0010f478 000000d0 T FSUSER_CreateFile
0010f548 000000c0 T FSUSER_CreateDirectory
0010f608 000000f4 T FSUSER_RenameDirectory
0010f6fc 000000b4 T FSUSER_OpenDirectory
0010f7b0 00000090 T FSUSER_OpenArchive
0010f840 0000008c T FSUSER_CloseArchive
0010f8cc 00000074 T FSUSER_GetSdmcArchiveResource
0010f940 00000064 T FSUSER_IsSdmcWritable
0010f9a4 00000064 T FSFILE_Read
0010fa08 0000006c T FSFILE_Write
0010fa74 00000044 T FSFILE_GetSize
0010fab8 00000028 T FSFILE_SetSize
0010fae0 0000003c T FSFILE_Close
0010fb1c 00000024 T FSFILE_Flush
0010fb40 00000060 T FSDIR_Read
0010fba0 0000003c T FSDIR_Close
0010fbdc 00000c70 t gspHardwareInit
0011084c 00000288 T gspInit
00110ad4 00000104 T gspExit
00110bd8 00000010 T gspHasGpuRight
00110be8 000000a4 T gspPresentBuffer
00110c8c 00000030 T gspSetEventCallback
00110cbc 00000050 T gspWaitForEvent
00110d0c 0000004c T gspWaitForAnyEvent
00110d58 00000154 t gspEventThreadMain
00110eac 0000012c T gspSubmitGxCommand
00110fd8 00000050 T GSPGPU_FlushDataCache
00111028 00000034 T GSPGPU_SetLcdForceBlack
0011105c 00000084 T GSPGPU_AcquireRight
001110e0 00000064 T GSPGPU_ReleaseRight
00111144 0000007c T GSPGPU_ImportDisplayCaptureInfo
001111c0 0000002c T GSPGPU_SaveVramSysArea
001111ec 0000002c T GSPGPU_RestoreVramSysArea
00111218 00000024 W hidShouldUseIrrst
0011123c 000001cc T hidInit
00111408 000000e8 T hidExit
001114f0 000002a0 T hidScanInput
00111790 00000010 T hidKeysDown
001117a0 00000018 T hidTouchRead
001117b8 000001a4 T irrstInit
0011195c 000000dc T irrstExit
00111a38 000000b4 T irrstScanInput
00111aec 00000024 T irrstKeysHeld
00111b10 00000078 T ptmSysmInit
00111b88 0000003c T ptmSysmExit
00111bc4 00000034 T PTMSYSM_ConfigureNew3DSCPU
00111bf8 00000074 T rbtree_find
00111c6c 00000010 T rbtree_init
00111c7c 00000198 t do_insert
00111e14 00000008 T rbtree_insert
00111e1c 00000310 T rbtree_remove
0011212c 00000090 T rbtree_rotate
001121bc 00000140 T decode_utf8
001122fc 000000e8 T utf16_to_utf8
001123e4 000000c0 T utf8_to_utf16
001124a8 000001e8 W __system_allocateHeaps
00112690 00000038 W __libctru_init
001126c8 0000016c W __system_initArgv
00112834 00000030 T __syscall_getreent
00112864 00000064 T __syscall_gettod_r
001128c8 00000004 T __syscall_lock_acquire
001128cc 00000004 T __syscall_lock_release
001128d0 00000004 T __syscall_lock_acquire_recursive
001128d4 00000004 T __syscall_lock_release_recursive
001128d8 00000004 T __syscall_exit
001128dc 00000054 T initThreadVars
00112930 00000080 T __system_initSyscalls
001129b0 T svcControlMemory
001129d0 T svcQueryMemory
00112a00 T svcExitProcess
00112a08 T svcCreateThread
00112a28 T svcExitThread
00112a30 T svcSleepThread
00112a38 T svcReleaseMutex
00112a40 T svcCreateEvent
00112a54 T svcSignalEvent
00112a5c T svcClearEvent
00112a64 T svcMapMemoryBlock
00112a6c T svcUnmapMemoryBlock
00112a74 T svcCreateAddressArbiter
00112a88 T svcArbitrateAddressNoTimeout
00112a90 T svcCloseHandle
00112a98 T svcWaitSynchronization
00112aa0 T svcWaitSynchronizationN
00112ac8 T svcDuplicateHandle
00112adc T svcGetSystemTick
00112ae4 T svcConnectToPort
00112af8 T svcSendSyncRequest
00112b00 T svcGetResourceLimit
00112b14 T svcGetResourceLimitLimitValues
00112b1c T svcGetResourceLimitCurrentValues
00112b24 T svcBreak
00112b2c T __aeabi_read_tp
00112b38 W initSystem
00112b88 W __ctru_exit
00112b9c 0000008c W envGetHandle
00112c28 00000050 W envDestroyHandles
00112c78 00000164 T srvInit
00112ddc 00000064 T srvExit
00112e40 00000060 T srvEnableNotification
00112ea0 000000a0 T srvGetServiceHandleDirect
00112f40 00000048 T srvGetServiceHandle
00112f88 00000034 T srvSubscribe
00112fbc 00000060 T srvReceiveNotification
0011301c 00000038 T srvPublishToSubscriber
00113054 0000000c T __sync_init
00113060 00000018 T __sync_fini
00113078 00000028 T syncArbitrateAddress
001130a0 000000ac T LightLock_Lock
0011314c 00000040 T LightLock_Unlock
0011318c 00000054 T RecursiveLock_Lock
001131e0 00000054 T RecursiveLock_Unlock
00113234 00000044 T LightEvent_Init
00113278 000000b8 T LightEvent_Clear
00113330 000000dc T LightEvent_Signal
0011340c 00000050 T LightEvent_TryWait
0011345c 000000ac T LightEvent_Wait
00113508 000001fc T threadCreate
00113704 00000038 T threadFree
0011373c 00000024 T threadJoin
00113760 00000030 T threadGetCurrent
00113790 00000040 T threadExit
001137d0 00000020 t _thread_begin
001137f0 00000090 t mappableFindAddressWithin
00113880 00000028 T mappableInit
001138a8 0000007c T mappableAlloc
00113924 00000004 T mappableFree
00113928 0000000c T srvPmGetSessionHandle
00113934 00000060 T rbtree_node_next
00113994 00000054 T decode_utf16
001139e8 00000054 T encode_utf16
00113a3c 000000e0 T encode_utf8
00113b1c 00000030 W __appExit
00113b4c 00000030 W __appInit
00113b7c 00000090 W __libctru_exit
00113c0c 00000024 t error_cmp
00113c30 00000050 t archive_translate_error
00113c80 000000c0 t archive_seek
00113d40 00000078 t _archiveInit.part.0
00113db8 00000110 t archiveFindDevice.part.0
00113ec8 00000298 t archive_utf16path
00114160 00000098 t _archiveUnmountDeviceStruct.part.0
001141f8 00000178 t _archiveMountDevice
00114370 000000f8 t archive_diropen
00114468 000000ac t archive_fstat
00114514 00000074 t archive_fsync
00114588 00000074 t archive_close
001145fc 00000078 t archive_dirclose
00114674 000000ec t sdmc_statvfs
00114760 000000f8 t archive_chdir
00114858 0000008c t archive_ftruncate
001148e4 000000bc t archive_read
001149a0 000000a8 t archive_unlink
00114a48 000000c0 t archive_rmdir
00114b08 000000d8 t archive_mkdir
00114be0 000001a0 t archive_stat
00114d80 00000164 t archive_dirnext
00114ee4 0000013c t archive_write
00115020 00000254 t archive_open
00115274 00000270 t archive_rename
001154e4 000001c8 T archiveMountSdmc
001156ac 00000054 T archiveUnmountAll
00115700 00000264 T sinf
00115964 00000050 T sqrtf
001159b4 00000054 T fmaxf
00115a08 00000024 t with_errnof
00115a2c 0000001c T __math_invalidf
00115a48 000000c0 T ceilf
00115b08 0000025c T cosf
00115d64 0000005c T __fpclassifyf
00115dc0 00000008 T __ieee754_sqrtf
00115dc8 00000130 T __udivmoddi4
00115ef8 000000e4 T strncat
00115fdc 0000001c T srand
00115ff8 00000044 T rand
0011603c 00000128 T memcpy
00116164 0000008c T strlen
001161f0 00000334 T _fread_r
00116524 00000038 T fread
0011655c 00000078 T bsearch
001165d4 00000134 T _fopen_r
00116708 00000028 T fopen
00116730 00000028 T memalign
00116758 000000a0 T snprintf
001167f8 000001ec t _strtoul_l.isra.0
001169e4 00000038 T _strtoul_r
00116a1c 0000003c T strtoul
00116a58 00000140 T strchr
00116b98 00000028 T calloc
00116bc0 0000016c T _memalign_r
00116d2c 0000000c T __errno
00116d38 00000164 T __smakebuf_r
00116e9c 000000e4 T memset
00116f80 000000d8 T _calloc_r
00117058 0000022c T __sflush_r
00117284 000000c4 T _fflush_r
00117348 00000104 T _fwrite_r
0011744c 00000038 T fwrite
00117484 00000028 T realloc
001174ac 000008e8 T qsort
00117d94 0000082c T _malloc_r
001185c0 00000114 T _malloc_trim_r
001186d4 00000314 T _free_r
001189e8 0000001c t stdio_exit_handler
00118a04 0000005c t cleanup_stdio
00118a60 00000154 t global_stdio_init.part.0
00118bb4 00000138 T __sfp
00118cec 0000005c T __sinit
00118d48 0000000c T __sfp_lock_acquire
00118d54 0000000c T __sfp_lock_release
00118d60 00000084 T __libc_init_array
00118de4 000000d4 T strncpy
00118eb8 0000001c T _fseek_r
00118ed4 00000040 T malloc
00118f14 00000020 T free
00118f34 00000044 T __sread
00118f78 00000008 T __seofread
00118f80 00000068 T __swrite
00118fe8 00000040 T __sseek
00119028 00000008 T __sclose
00119030 000004f0 T _realloc_r
00119520 0000001c T localtime
0011953c 0000000c T __malloc_lock
00119548 0000000c T __malloc_unlock
00119554 00000588 T _fseeko_r
00119adc 00000148 T _fclose_r
00119c24 00000020 T fclose
00119c44 00000048 T time
00119c8c 00000004 W __call_exitprocs
00119c90 00000030 T exit
00119cc0 000005e0 t get_arg
0011a2a0 0000345c T _svfprintf_r
0011d6fc 000000b8 T __sflags
0011d7b4 0000003c T __libc_fini_array
0011d7f0 0000003c T strnlen
0011d82c 000000d8 T strncmp
0011d904 00000038 t lflush
0011d93c 000001a8 T __srefill_r
0011dae8 00000088 T frexp
0011db70 00000070 T _fwalk_sglue
0011dbe0 000000a0 T _wcrtomb_r
0011dc80 000000a4 T __ssprint_r
0011dd24 000004a4 T __sfvwrite_r
0011e1c8 00000024 T __locale_mb_cur_max
0011e1ec 0000035c T localtime_r
0011e548 00000258 T __tzcalc_limits
0011e7a0 000001c0 t quorem
0011e960 00001420 T _dtoa_r
0011fd80 00000384 t _strtol_l.part.0
00120104 0000006c T _strtol_r
00120170 00000010 T _tzset_unlocked
00120180 000000e8 T memchr
00120268 00000028 T _wcsrtombs_r
00120290 00000140 T __swsetup_r
001203d0 0000000c T __gettzinfo
001203dc 000000dc T _findenv_r
001204b8 00000018 T _getenv_r
001204d0 00000024 T _localeconv_r
001204f4 000001a8 T memmove
0012069c 0000012c T __ssputs_r
001207c8 000000f8 T __utf8_wctomb
001208c0 0000025c T gmtime_r
00120b1c 00000648 T _tzset_unlocked_r
00121164 0000015c T _wcsnrtombs_l
001212c0 00000064 T _wcsnrtombs_r
00121324 0000000c T __env_lock
00121330 0000000c T __env_unlock
0012133c 0000005c T __assert_func
00121398 00000088 T _Balloc
00121420 0000001c T _Bfree
0012143c 000000f4 T __multadd
00121530 00000080 T __hi0bits
001215b0 000000f0 T __lo0bits
001216a0 000000a4 T __i2b
00121744 00000230 T __multiply
00121974 00000130 T __pow5mult
00121aa4 00000138 T __lshift
00121bdc 00000058 T __mcmp
00121c34 00000218 T __mdiff
00121e4c 00000120 T __d2b
00121f6c 00000340 T __utf8_mbtowc
001222ac 0000003c T fiprintf
001222e8 0000000c T __tz_lock
001222f4 0000000c T __tz_unlock
00122300 00000014 T abort
00122314 000000f0 T strcpy
00122404 00000078 T siscanf
0012247c 000005e0 t get_arg
00122a5c 000022f8 T _vfiprintf_r
00124d54 000000b4 t __sbprintf
00124e08 0000009c T _raise_r
00124ea4 00000020 T raise
00124ec4 00000030 T __sprint_r
00124ef4 00000050 t get_arg
00124f44 000000e4 T _sungetc_r
00125028 0000006c T __ssrefill_r
00125094 000000b4 T _sfread_r
00125148 000022c4 T __ssvfiscanf_r
0012740c 00000008 T iswspace
00127414 00000264 t _strtoull_l.isra.0
00127678 00000038 T _strtoull_r
001276b0 000000b8 T __submore
00127768 000000c4 T _mbrtowc_r
0012782c 000000f8 T __sccl
00127924 0000047c t _strtoll_l.isra.0
00127da0 00000038 T _strtoll_r
00127dd8 00000038 T iswspace_l
00127e10 00000090 T category
00127ea0 00000020 T _exit
00127ec0 00000140 T chdir
00128000 000001c8 T _concatenate_path
001281c8 0000009c T _fstat_r
00128264 00000014 T _getpid_r
00128278 0000002c T __getreent
001282a4 00000030 T _gettimeofday_r
001282d4 000000a0 T __release_handle
00128374 000000b0 T __alloc_handle
00128424 00000058 T __get_handle
0012847c 00000110 T _close_r
0012858c 00000008 t null_write
00128594 00000018 T setDefaultDevice
001285ac 00000098 T FindDevice
00128644 00000024 T RemoveDevice
00128668 00000088 T AddDevice
001286f0 00000020 T GetDeviceOpTab
00128710 00000008 T _isatty_r
00128718 00000014 T _kill_r
0012872c 00000094 T _lseek_r
001287c0 00000068 T mkdir
00128828 000000c0 T _open_r
001288e8 00000094 T _read_r
0012897c 00000078 W _sbrk_r
001289f4 0000001c T __libc_lock_acquire
00128a10 0000001c T __libc_lock_release
00128a2c 0000001c T __libc_lock_acquire_recursive
00128a48 0000001c T __libc_lock_release_recursive
00128a64 00000094 T _write_r
00128af8 00000048 T strrchr
00128b40 T _fini
00129010 0000002c r presetNames
0012903c 000000b4 r skyThemes
00129680 r .LC2
0012982c R render2d_shbin
001299b8 00000004 r depthFmtSizes
001299b8 R render2d_shbin_end
001299bc 00000005 r colorFmtSizes
001299c4 00000010 r CSWTCH.11
001299fc 00000008 r morton_y.2
00129a04 00000008 r morton_x.3
00129a0c 00000008 r s_sleepWakeEvents.4
00129a14 0000000c r serviceNameTable.5
00129a20 00000030 r error_table
00129a50 00000080 r archive_devoptab
00129ad0 00000060 R __inv_pio4
00129b30 000000e0 R __sincosf_table
00129d38 00000010 r zeroes.0
00129d48 00000010 r blanks.1
00129d58 00000101 R _ctype_
00129e5c 0000006c R __action_table
00129ec8 0000006c R __state_table
00129f34 00000100 R __chclass
0012a03c 00000060 R __month_lengths
0012a09c 0000000c r p05.0
0012a0a8 00000028 R __mprec_bigtens
0012a0d0 000000c8 R __mprec_tens
0012a284 00000010 r zeroes.0
0012a294 00000010 r blanks.1
0012a324 00000022 r basefix.0
0012a348 000037f8 r categories
0012db40 00000080 R dotab_stdnull
0012dbc0 R __tdata_align
0012dbc4 r __EH_FRAME_BEGIN__
0012dbc4 R __exidx_end
0012dbc4 R __exidx_start
0012e000 00000018 d settings
0012e018 00000004 d currentClockG
0012e01c 00000004 d currentClockB
0012e020 00000004 d currentClockR
0012e024 00000004 d currentThemeTextR
0012e028 00000004 d currentThemeTextG
0012e02c 00000004 d currentThemeTextB
0012e030 00000004 d currentTopR
0012e034 00000004 d currentTopG
0012e038 00000004 d currentTopB
0012e03c 00000004 d currentBotR
0012e040 00000004 d currentBotG
0012e044 00000004 d currentBotB
0012e048 00000004 d shootTimer
0012e04c 00000004 d planeATimer
0012e050 00000004 d planeBTimer
0012e054 00000008 d framerateCounter
0012e05c 00000004 d framerate
0012e060 00000004 d queueLock
0012e064 00000004 d aptChainloadDeliverArgSize
0012e068 00000004 d kCount
0012e06c 00000004 d kInterval
0012e070 00000004 d kDelay
0012e074 W __stacksize__
0012e078 00000004 D _impure_ptr
0012e080 00000200 D _impure_data
0012e280 00000004 D __malloc_sbrk_base
0012e284 00000004 D __malloc_trim_threshold
0012e288 00000408 D __malloc_av_
0012e690 0000000c D __sglue
0012e69c 00000254 D __global_locale
0012e8f0 00000058 d tzinfo
0012e948 00000008 D _tzname
0012e950 00000004 D environ
0012e954 00000400 d _current_working_directory
0012ed58 00001000 d handles
0012fd58 0000000c d __stderr_handle
0012fd64 0000000c d __stdout_handle
0012fd70 0000000c d __stdin_handle
0012fd7c 0000008c D devoptab_list
0012fe08 00000004 d defaultDevice
0012fe14 d _GLOBAL_OFFSET_TABLE_
0012fe20 d __frame_dummy_init_array_entry
0012fe20 D __init_array_start
0012fe20 B __preinit_array_end
0012fe20 B __preinit_array_start
0012fe20 D __tdata_lma
0012fe20 D __tdata_lma_end
0012fe24 d __do_global_dtors_aux_fini_array_entry
0012fe24 D __fini_array_start
0012fe24 D __init_array_end
0012fe28 D __bss_start__
0012fe28 D __fini_array_end
0012fe28 00000010 b records
0012fe38 000003c0 b embers
001301f8 00000150 b shoots
00130348 00000001 b settingsDirty
00130349 00000001 b lowerScreenOff
0013034a 00000001 b currentScreen
0013034c 0000024c b ui
00130598 00000004 b sessionFrames
0013059c 00000004 B globalAnimTime
001305a0 00000028 b clockPresets
001305c8 00000a00 b stars
00130fc8 000000a8 b clouds
00131070 000001a0 b planeA
00131210 000001a0 b planeB
001313b0 0000032c b hourlyComet
001316dc 00000004 b staticBuf
001316e0 00000004 b halfHourStarsToSpawn
001316e4 00000004 b halfHourSpawnDelayTimer
001316e8 000005a8 B __C2Di_Context
00131c90 00000040 b s_projTop
00131cd0 00000040 b s_projBot
00131d10 00000004 b uLoc_mdlvMtx
00131d14 00000004 b uLoc_projMtx
00131d18 00000004 b s_glyphSheets
00131d1c 00000004 b s_textScale
00131d20 b completed.1
00131d24 b object.0
00131d3c 0000000c b hookCookie
00131d48 000002d0 B __C3D_Context
00132018 00000004 b frameEndCbData
0013201c 00000004 b frameEndCb
00132020 00000008 b frameCounter
00132028 00000001 b isTopStereo
00132029 00000001 b needSwapBot
0013202a 00000001 b needSwapTop
0013202b 00000001 b measureGpuTime
0013202c 00000001 b inSafeTransfer
0013202d 00000001 b inFrame
00132030 00000010 b cpuTime
00132040 00000010 b gpuTime
00132050 0000000c b linkedTarget
0013205c 00000004 b lastTarget
00132060 00000004 b firstTarget
00132064 00000008 b C3Di_IVUnifEverDirty
0013206c 000000c0 b C3Di_FVUnifEverDirty
0013212c 00000018 b C3Di_ShaderFVecData
00132144 00000002 B C3D_BoolUnifsDirty
00132148 00000008 B C3D_IVUnifDirty
00132150 000000c0 B C3D_FVUnifDirty
00132210 00000004 B C3D_BoolUnifs
00132214 00000020 B C3D_IVUnif
00132234 00000c00 B C3D_FVUnif
00132e38 00000008 b sLinearPool
00132e40 0000000c b sAddrMap
00132e50 00000008 b sVramPoolB
00132e58 00000008 b sVramPoolA
00132e60 0000000c b sAddrMap
00132e6c 00000004 b sharedFontAddr
00132e70 00000004 B g_sharedFont
00132e74 00000004 b screenAlloc
00132e78 00000004 b screenFree
00132e7c 00000002 b gfxIsDoubleBuf
00132e80 00000002 b gfxCurBuf
00132e82 00000001 b gfxIsVram
00132e83 00000001 b gfxTopMode
00132e84 00000002 b gfxFramebufferFormats
00132e88 00000004 b gfxBottomFramebufferMaxSize
00132e8c 00000004 b gfxTopFramebufferMaxSize
00132e90 00000008 b gfxBottomFramebuffers
00132e98 00000008 b gfxTopFramebuffers
00132ea0 00000001 V __ctru_speedup
00132ea4 00000004 B gpuCmdBufOffset
00132ea8 00000004 B gpuCmdBufSize
00132eac 00000004 B gpuCmdBuf
00132eb0 00000004 b boundQueue
00132eb4 00000001 b shouldStop
00132eb5 00000001 b isRunning
00132eb6 00000001 b isActive
00132eb8 00000004 b curQueue
00132ebc 00000001 b flagValue.0
00132ebd 00000001 b flagInit.1
00132ec0 00000004 b serviceName.6
00132ec4 00000001 b aptChainloadFlags
00132ec5 00000001 b aptChainloadMediatype
00132ec8 00000020 b aptChainloadHmac
00132ee8 00000300 b aptChainloadDeliverArg
001331e8 00000008 b aptChainloadTid
001331f0 00001000 b aptParameters
001341f0 00000004 b aptFlags
001341f4 00000001 b aptHomeButtonState
001341f8 00000004 b aptMessageFuncData
001341fc 00000004 b aptMessageFunc
00134200 0000000c b aptFirstHook
0013420c 00000001 b aptEventHandlerThreadQuit
00134210 00000004 b aptEventHandlerThread
00134214 00000008 b aptSleepEvent
0013421c 00000008 b aptReceiveEvent
00134224 00000008 b aptEvents
0013422c 00000004 b aptLockHandle
00134230 00000004 b aptRefCount
00134238 00000080 b fsExemptArchives
001342b8 00000004 b fsuRefCount
001342bc 00000004 b fsuHandle
001342c0 00000007 b gspEventCbOneShot
001342c8 0000001c b gspEventCbData
001342e4 0000001c b gspEventCb
00134300 00000038 b gspEvents
00134338 00000004 b gspLastEvent
0013433c 00000001 b gspRunEvents
00134340 00000004 b gspEventThread
00134344 00000004 b gspEvent
00134348 00000001 b gspGpuRight
00134349 00000001 b gspThreadId
0013434c 00000004 b gspSharedMem
00134350 00000004 b gspSharedMemHandle
00134354 00000004 b gspRefCount
00134358 00000004 b gspGpuHandle
0013435c 00000001 b usingIrrst
00134360 00000004 b hidRefCount
00134364 00000006 b gRate
0013436c 00000006 b aVec
00134374 00000004 b cPos
00134378 00000004 b tPos
0013437c 00000004 b kRepeat
00134380 00000004 b kUp
00134384 00000004 b kDown
00134388 00000004 b kHeld
0013438c 00000004 b kOld
00134390 00000004 B hidSharedMem
00134394 00000014 B hidEvents
001343a8 00000004 B hidMemHandle
001343ac 00000004 B hidHandle
001343b0 00000004 b irrstRefCount
001343b4 00000004 b csPos
001343b8 00000004 b kHeld
001343bc 00000004 B irrstSharedMem
001343c0 00000004 B irrstEvent
001343c4 00000004 B irrstMemHandle
001343c8 00000004 B irrstHandle
001343cc 00000004 b ptmSysmRefCount
001343d0 00000004 b ptmSysmHandle
001343d4 00000004 V __ctru_linear_heap_size
001343d8 00000004 V __ctru_heap_size
001343dc 00000004 B __ctru_linear_heap
001343e0 00000004 B __ctru_heap
001343e4 00000004 B __system_retAddr
001343e8 00000004 B __system_argv
001343ec 00000004 B __system_argc
001343f0 b saved_stack
001343f8 00000004 B __3dslink_host
001343fc 00000004 b srvRefCount
00134400 00000004 b srvHandle
00134404 00000004 b arbiter
00134408 00000004 b currentAddr
0013440c 00000004 b maxAddr
00134410 00000004 b minAddr
00134414 00000004 b srvPmHandle
00134418 000005c0 b archive_devices
001349d8 00000004 b archive_device_cwd
001349dc 00000001 b archive_initialized
001349e0 00000028 B __malloc_current_mallinfo
00134a08 00000004 B __malloc_max_total_mem
00134a0c 00000004 B __malloc_max_sbrked_mem
00134a10 00000004 B __malloc_top_pad
00134a14 0000000c b __sfp_recursive_mutex
00134a20 00000168 B __sf
00134b88 00000004 B __stdio_exit_handler
00134b8c 0000000c b __malloc_recursive_mutex
00134b98 00000004 b prev_tzenv
00134b9c 0000000c b __tzname_dst
00134ba8 0000000c b __tzname_std
00134bb4 0000000c b __env_recursive_mutex
00134bc0 00000004 B _timezone
00134bc4 00000004 B _daylight
00134bc8 00000004 b __tz_mutex
00134bcc 00000004 b initial_env
00134bd0 00000400 b temp_cwd
00134fd0 00000004 b __hndl_lock
00134fd4 00000004 B fake_heap_start
00134fd8 00000004 B fake_heap_end
00134fdc 00000004 b heap_start.0
00134fe0 B __tls_start
00135be8 B __bss_end__
00135be8 A __end__
00135be8 B __tls_end
